Flow report for lab4
Fri Mar 11 18:57:44 2016
Quartus II 64-Bit Version 15.0.0 Build 145 04/22/2015 SJ Full Version


---------------------
; Table of Contents ;
---------------------
  1. Legal Notice
  2. Flow Summary
  3. Flow Settings
  4. Flow Non-Default Global Settings
  5. Flow Elapsed Time
  6. Flow OS Summary
  7. Flow Log
  8. Flow Messages
  9. Flow Suppressed Messages



----------------
; Legal Notice ;
----------------
Copyright (C) 1991-2015 Altera Corporation. All rights reserved.
Your use of Altera Corporation's design tools, logic functions 
and other software and tools, and its AMPP partner logic 
functions, and any output files from any of the foregoing 
(including device programming or simulation files), and any 
associated documentation or information are expressly subject 
to the terms and conditions of the Altera Program License 
Subscription Agreement, the Altera Quartus II License Agreement,
the Altera MegaCore Function License Agreement, or other 
applicable license agreement, including, without limitation, 
that your use is for the sole purpose of programming logic 
devices manufactured by Altera and sold by Altera or its 
authorized distributors.  Please refer to the applicable 
agreement for further details.



+-------------------------------------------------------------------------------+
; Flow Summary                                                                  ;
+---------------------------------+---------------------------------------------+
; Flow Status                     ; Successful - Fri Mar 11 18:57:44 2016       ;
; Quartus II 64-Bit Version       ; 15.0.0 Build 145 04/22/2015 SJ Full Version ;
; Revision Name                   ; lab4                                        ;
; Top-level Entity Name           ; lab4                                        ;
; Family                          ; Cyclone V                                   ;
; Device                          ; 5CSEMA5F31C6                                ;
; Timing Models                   ; Final                                       ;
; Logic utilization (in ALMs)     ; 2,961 / 32,070 ( 9 % )                      ;
; Total registers                 ; 5112                                        ;
; Total pins                      ; 227 / 457 ( 50 % )                          ;
; Total virtual pins              ; 0                                           ;
; Total block memory bits         ; 60,638 / 4,065,280 ( 1 % )                  ;
; Total DSP Blocks                ; 0 / 87 ( 0 % )                              ;
; Total HSSI RX PCSs              ; 0                                           ;
; Total HSSI PMA RX Deserializers ; 0                                           ;
; Total HSSI TX PCSs              ; 0                                           ;
; Total HSSI PMA TX Serializers   ; 0                                           ;
; Total PLLs                      ; 3 / 6 ( 50 % )                              ;
; Total DLLs                      ; 1 / 4 ( 25 % )                              ;
+---------------------------------+---------------------------------------------+


+-----------------------------------------+
; Flow Settings                           ;
+-------------------+---------------------+
; Option            ; Setting             ;
+-------------------+---------------------+
; Start date & time ; 03/11/2016 18:47:19 ;
; Main task         ; Compilation         ;
; Revision Name     ; lab4                ;
+-------------------+---------------------+


+--------------------------------------------------------------------------------------------------------------------------------------------------------------------------------+
; Flow Non-Default Global Settings                                                                                                                                               ;
+---------------------------------------+------------------------------------------------------------------------+---------------+------------------------------+----------------+
; Assignment Name                       ; Value                                                                  ; Default Value ; Entity Name                  ; Section Id     ;
+---------------------------------------+------------------------------------------------------------------------+---------------+------------------------------+----------------+
; COMPILER_SIGNATURE_ID                 ; 203178706226766.145775083105336                                        ; --            ; --                           ; --             ;
; ECO_REGENERATE_REPORT                 ; On                                                                     ; Off           ; --                           ; --             ;
; EDA_OUTPUT_DATA_FORMAT                ; Verilog Hdl                                                            ; --            ; --                           ; eda_simulation ;
; EDA_SIMULATION_TOOL                   ; ModelSim-Altera (Verilog)                                              ; <None>        ; --                           ; --             ;
; HPS_ISW_FILE                          ; mysystem/synthesis/submodules/sequencer/sequencer_auto.pre.h           ; --            ; mysystem_hps_0_hps_io_border ; --             ;
; HPS_ISW_FILE                          ; mysystem/synthesis/submodules/sequencer/sequencer_defines.pre.h        ; --            ; mysystem_hps_0_hps_io_border ; --             ;
; HPS_ISW_FILE                          ; mysystem/synthesis/submodules/sequencer/sequencer_auto_inst_init.pre.c ; --            ; mysystem_hps_0_hps_io_border ; --             ;
; HPS_ISW_FILE                          ; mysystem/synthesis/submodules/sequencer/sequencer.pre.c                ; --            ; mysystem_hps_0_hps_io_border ; --             ;
; HPS_ISW_FILE                          ; mysystem/synthesis/submodules/sequencer/system.pre.h                   ; --            ; mysystem_hps_0_hps_io_border ; --             ;
; HPS_ISW_FILE                          ; mysystem/synthesis/submodules/sequencer/tclrpt.pre.h                   ; --            ; mysystem_hps_0_hps_io_border ; --             ;
; HPS_ISW_FILE                          ; mysystem/synthesis/submodules/sequencer/emif.pre.xml                   ; --            ; mysystem_hps_0_hps_io_border ; --             ;
; HPS_ISW_FILE                          ; mysystem/synthesis/submodules/sequencer/sequencer_auto_ac_init.pre.c   ; --            ; mysystem_hps_0_hps_io_border ; --             ;
; HPS_ISW_FILE                          ; mysystem/synthesis/submodules/sequencer/alt_types.pre.h                ; --            ; mysystem_hps_0_hps_io_border ; --             ;
; HPS_ISW_FILE                          ; mysystem/synthesis/submodules/sequencer/sdram_io.pre.h                 ; --            ; mysystem_hps_0_hps_io_border ; --             ;
; HPS_ISW_FILE                          ; mysystem/synthesis/submodules/sequencer/sequencer.pre.h                ; --            ; mysystem_hps_0_hps_io_border ; --             ;
; HPS_ISW_FILE                          ; mysystem/synthesis/submodules/sequencer/tclrpt.pre.c                   ; --            ; mysystem_hps_0_hps_io_border ; --             ;
; HPS_ISW_FILE                          ; mysystem/synthesis/submodules/hps.pre.xml                              ; --            ; mysystem_hps_0_hps_io_border ; --             ;
; HPS_PARTITION                         ; On                                                                     ; --            ; mysystem_hps_0_hps_io_border ; --             ;
; MAX_CORE_JUNCTION_TEMP                ; 85                                                                     ; --            ; --                           ; --             ;
; MIN_CORE_JUNCTION_TEMP                ; 0                                                                      ; --            ; --                           ; --             ;
; MISC_FILE                             ; mysystem/synthesis/../mysystem.cmp                                     ; --            ; --                           ; --             ;
; MISC_FILE                             ; mysystem/synthesis/mysystem_hps_0_hps.svd                              ; --            ; --                           ; --             ;
; MISC_FILE                             ; mysystem/synthesis/../../mysystem.qsys                                 ; --            ; --                           ; --             ;
; MISC_FILE                             ; mysystem/synthesis/submodules/sequencer/sequencer_auto.pre.h           ; --            ; --                           ; --             ;
; MISC_FILE                             ; mysystem/synthesis/submodules/sequencer/sequencer_defines.pre.h        ; --            ; --                           ; --             ;
; MISC_FILE                             ; mysystem/synthesis/submodules/sequencer/sequencer_auto_inst_init.pre.c ; --            ; --                           ; --             ;
; MISC_FILE                             ; mysystem/synthesis/submodules/sequencer/sequencer.pre.c                ; --            ; --                           ; --             ;
; MISC_FILE                             ; mysystem/synthesis/submodules/sequencer/system.pre.h                   ; --            ; --                           ; --             ;
; MISC_FILE                             ; mysystem/synthesis/submodules/sequencer/tclrpt.pre.h                   ; --            ; --                           ; --             ;
; MISC_FILE                             ; mysystem/synthesis/submodules/sequencer/emif.pre.xml                   ; --            ; --                           ; --             ;
; MISC_FILE                             ; mysystem/synthesis/submodules/sequencer/sequencer_auto_ac_init.pre.c   ; --            ; --                           ; --             ;
; MISC_FILE                             ; mysystem/synthesis/submodules/sequencer/alt_types.pre.h                ; --            ; --                           ; --             ;
; MISC_FILE                             ; mysystem/synthesis/submodules/sequencer/sdram_io.pre.h                 ; --            ; --                           ; --             ;
; MISC_FILE                             ; mysystem/synthesis/submodules/sequencer/sequencer.pre.h                ; --            ; --                           ; --             ;
; MISC_FILE                             ; mysystem/synthesis/submodules/sequencer/tclrpt.pre.c                   ; --            ; --                           ; --             ;
; MISC_FILE                             ; mysystem/synthesis/submodules/hps.pre.xml                              ; --            ; --                           ; --             ;
; PARTITION_COLOR                       ; 16764057                                                               ; --            ; --                           ; Top            ;
; PARTITION_FITTER_PRESERVATION_LEVEL   ; PLACEMENT_AND_ROUTING                                                  ; --            ; --                           ; Top            ;
; PARTITION_NETLIST_TYPE                ; SOURCE                                                                 ; --            ; --                           ; Top            ;
; POWER_BOARD_THERMAL_MODEL             ; None (CONSERVATIVE)                                                    ; --            ; --                           ; --             ;
; POWER_PRESET_COOLING_SOLUTION         ; 23 MM HEAT SINK WITH 200 LFPM AIRFLOW                                  ; --            ; --                           ; --             ;
; PROJECT_OUTPUT_DIRECTORY              ; output_files                                                           ; --            ; --                           ; --             ;
; SLD_FILE                              ; mysystem/synthesis/mysystem.regmap                                     ; --            ; --                           ; --             ;
; SLD_FILE                              ; mysystem/synthesis/mysystem.debuginfo                                  ; --            ; --                           ; --             ;
; SLD_INFO                              ; QSYS_NAME mysystem HAS_SOPCINFO 1 GENERATION_ID 1457750650             ; --            ; mysystem                     ; --             ;
; SOPCINFO_FILE                         ; mysystem/synthesis/../../mysystem.sopcinfo                             ; --            ; --                           ; --             ;
; SYNTHESIS_ONLY_QIP                    ; On                                                                     ; --            ; --                           ; --             ;
; USE_DLL_FREQUENCY_FOR_DQS_DELAY_CHAIN ; On                                                                     ; Off           ; --                           ; --             ;
+---------------------------------------+------------------------------------------------------------------------+---------------+------------------------------+----------------+


+-------------------------------------------------------------------------------------------------------------------------------+
; Flow Elapsed Time                                                                                                             ;
+---------------------------+--------------+-------------------------+---------------------+------------------------------------+
; Module Name               ; Elapsed Time ; Average Processors Used ; Peak Virtual Memory ; Total CPU Time (on all processors) ;
+---------------------------+--------------+-------------------------+---------------------+------------------------------------+
; Analysis & Synthesis      ; 00:01:32     ; 1.0                     ; 1579 MB             ; 00:01:46                           ;
; Fitter                    ; 00:02:52     ; 1.5                     ; 3291 MB             ; 00:04:08                           ;
; Assembler                 ; 00:00:23     ; 1.0                     ; 1168 MB             ; 00:00:20                           ;
; TimeQuest Timing Analyzer ; 00:01:14     ; 1.6                     ; 2070 MB             ; 00:01:31                           ;
; EDA Netlist Writer        ; 00:00:13     ; 1.0                     ; 1534 MB             ; 00:00:09                           ;
; Total                     ; 00:06:14     ; --                      ; --                  ; 00:07:54                           ;
+---------------------------+--------------+-------------------------+---------------------+------------------------------------+


+--------------------------------------------------------------------------------------+
; Flow OS Summary                                                                      ;
+---------------------------+------------------+---------+------------+----------------+
; Module Name               ; Machine Hostname ; OS Name ; OS Version ; Processor type ;
+---------------------------+------------------+---------+------------+----------------+
; Analysis & Synthesis      ; rat              ; Red Hat ; 6          ; x86_64         ;
; Fitter                    ; rat              ; Red Hat ; 6          ; x86_64         ;
; Assembler                 ; rat              ; Red Hat ; 6          ; x86_64         ;
; TimeQuest Timing Analyzer ; rat              ; Red Hat ; 6          ; x86_64         ;
; EDA Netlist Writer        ; rat              ; Red Hat ; 6          ; x86_64         ;
+---------------------------+------------------+---------+------------+----------------+


------------
; Flow Log ;
------------
quartus_map --read_settings_files=on --write_settings_files=off lab4 -c lab4
quartus_fit --read_settings_files=off --write_settings_files=off lab4 -c lab4
quartus_asm --read_settings_files=off --write_settings_files=off lab4 -c lab4
quartus_sta lab4 -c lab4
quartus_eda --read_settings_files=off --write_settings_files=off lab4 -c lab4



